c:\googledrive\projects\personal\graphicsengine\enginecore\debug\enginecore.pdb
c:\googledrive\projects\personal\graphicsengine\enginecore\debug\enginecore.idb
c:\googledrive\projects\personal\graphicsengine\enginecore\debug\assetloader.obj
c:\googledrive\projects\personal\graphicsengine\enginecore\debug\basicassetloader.obj
c:\googledrive\projects\personal\graphicsengine\enginecore\debug\consoleprovider.obj
c:\googledrive\projects\personal\graphicsengine\enginecore\debug\coutconsoleprovider.obj
c:\googledrive\projects\personal\graphicsengine\enginecore\debug\enginecore.obj
c:\googledrive\projects\personal\graphicsengine\enginecore\debug\logger.obj
c:\googledrive\projects\personal\graphicsengine\enginecore\debug\vec.obj
c:\googledrive\projects\personal\graphicsengine\enginecore\debug\vertex.obj
c:\googledrive\projects\personal\graphicsengine\enginecore\debug\winconsoleprovider.obj
c:\googledrive\projects\personal\graphicsengine\debug\enginecore.lib
c:\users\stefan\desktop\graphicsengine\src\enginecore\debug\assetloader.obj
c:\users\stefan\desktop\graphicsengine\src\enginecore\debug\basicassetloader.obj
c:\users\stefan\desktop\graphicsengine\src\enginecore\debug\consoleprovider.obj
c:\users\stefan\desktop\graphicsengine\src\enginecore\debug\coutconsoleprovider.obj
c:\users\stefan\desktop\graphicsengine\src\enginecore\debug\enginecore.obj
c:\users\stefan\desktop\graphicsengine\src\enginecore\debug\logger.obj
c:\users\stefan\desktop\graphicsengine\src\enginecore\debug\vec.obj
c:\users\stefan\desktop\graphicsengine\src\enginecore\debug\vertex.obj
c:\users\stefan\desktop\graphicsengine\src\enginecore\debug\winconsoleprovider.obj
c:\users\stefan\desktop\graphicsengine\src\enginecore\debug\enginecore.idb
c:\users\stefan\desktop\graphicsengine\src\enginecore\debug\enginecore.pdb
c:\users\stefan\desktop\graphicsengine\src\debug\enginecore.pdb
c:\users\stefan\desktop\graphicsengine\src\debug\enginecore.lib
c:\users\stefan\desktop\graphicsengine\src\enginecore\debug\enginecore.tlog\cl.command.1.tlog
c:\users\stefan\desktop\graphicsengine\src\enginecore\debug\enginecore.tlog\cl.read.1.tlog
c:\users\stefan\desktop\graphicsengine\src\enginecore\debug\enginecore.tlog\cl.write.1.tlog
c:\users\stefan\desktop\graphicsengine\src\enginecore\debug\enginecore.tlog\lib-link.read.1.tlog
c:\users\stefan\desktop\graphicsengine\src\enginecore\debug\enginecore.tlog\lib-link.write.1.tlog
c:\users\stefan\desktop\graphicsengine\src\enginecore\debug\enginecore.tlog\lib.command.1.tlog
