c:\googledrive\projects\personal\graphicsengine\directx\debug\directx.pdb
c:\googledrive\projects\personal\graphicsengine\directx\debug\directx.idb
c:\googledrive\projects\personal\graphicsengine\directx\debug\directxcontroller.obj
c:\googledrive\projects\personal\graphicsengine\directx\debug\directxengine.obj
c:\googledrive\projects\personal\graphicsengine\directx\debug\main.obj
c:\googledrive\projects\personal\graphicsengine\directx\debug\windowcontroller.obj
c:\googledrive\projects\personal\graphicsengine\directx\debug\shaderbuilder.obj
c:\googledrive\projects\personal\graphicsengine\debug\directx.lib
c:\users\stefan\desktop\graphicsengine\src\directx\debug\directxcontroller.obj
c:\users\stefan\desktop\graphicsengine\src\directx\debug\directxengine.obj
c:\users\stefan\desktop\graphicsengine\src\directx\debug\main.obj
c:\users\stefan\desktop\graphicsengine\src\directx\debug\shaderbuilder.obj
c:\users\stefan\desktop\graphicsengine\src\directx\debug\windowcontroller.obj
c:\users\stefan\desktop\graphicsengine\src\directx\debug\directx.idb
c:\users\stefan\desktop\graphicsengine\src\directx\debug\directx.pdb
c:\users\stefan\desktop\graphicsengine\src\debug\directx.pdb
c:\users\stefan\desktop\graphicsengine\src\debug\directx.lib
c:\users\stefan\desktop\graphicsengine\src\directx\debug\directx.tlog\cl.command.1.tlog
c:\users\stefan\desktop\graphicsengine\src\directx\debug\directx.tlog\cl.read.1.tlog
c:\users\stefan\desktop\graphicsengine\src\directx\debug\directx.tlog\cl.write.1.tlog
c:\users\stefan\desktop\graphicsengine\src\directx\debug\directx.tlog\lib-link.read.1.tlog
c:\users\stefan\desktop\graphicsengine\src\directx\debug\directx.tlog\lib-link.write.1.tlog
c:\users\stefan\desktop\graphicsengine\src\directx\debug\directx.tlog\lib.command.1.tlog
